<?xml version="1.0" encoding="UTF-8"?>
<!-- Generated by org.testng.reporters.JUnitXMLReporter -->
<testsuite ignored="0" hostname="DESKTOP-47EBBHS" failures="0" tests="3" name="Default test" time="64.266" errors="0" timestamp="2021-06-05T21:44:04 IST">
  <testcase classname="FacebookAssignment.FBFunctionalities" name="loginIntoFB" time="7.809"/>
  <testcase classname="FacebookAssignment.FBFunctionalities" name="postStatus" time="15.042"/>
  <testcase classname="FacebookAssignment.FBFunctionalities" name="changePassword" time="32.225"/>
</testsuite> <!-- Default test -->
