<?xml version="1.0" encoding="UTF-8"?>
<!-- Generated by org.testng.reporters.JUnitXMLReporter -->
<testsuite ignored="0" hostname="DESKTOP-47EBBHS" failures="1" tests="3" name="Test" time="41.15" errors="0" timestamp="2021-06-05T16:35:42 IST">
  <testcase classname="FacebookAssignment.FBFunctionalities" name="loginIntoFB" time="0.616"/>
  <testcase classname="FacebookAssignment.FBFunctionalities" name="postStatus" time="0.004"/>
  <testcase classname="FacebookAssignment.FBFunctionalities" name="changePassword" time="29.529">
    <failure type="java.lang.IndexOutOfBoundsException" message="Index 4 out of bounds for length 0">
      <![CDATA[java.lang.IndexOutOfBoundsException: Index 4 out of bounds for length 0
at java.base/jdk.internal.util.Preconditions.outOfBounds(Preconditions.java:64)
at java.base/jdk.internal.util.Preconditions.outOfBoundsCheckIndex(Preconditions.java:70)
at java.base/jdk.internal.util.Preconditions.checkIndex(Preconditions.java:248)
at java.base/java.util.Objects.checkIndex(Objects.java:359)
at java.base/java.util.ArrayList.get(ArrayList.java:427)
at pageObjects.FBChangePassword.clickChangePassword(FBChangePassword.java:48)
at FacebookAssignment.FBFunctionalities.changePassword(FBFunctionalities.java:88)
at java.base/java.util.ArrayList.forEach(ArrayList.java:1511)
... Removed 27 stack frames]]>
    </failure>
  </testcase> <!-- changePassword -->
</testsuite> <!-- Test -->
