<?xml version="1.0" encoding="UTF-8"?>
<!-- Generated by org.testng.reporters.JUnitXMLReporter -->
<testsuite hostname="DESKTOP-47EBBHS" ignored="0" name="Test" tests="3" failures="1" timestamp="2021-06-05T16:45:20 IST" time="41.684" errors="0">
  <testcase name="loginIntoFB" time="0.502" classname="FacebookAssignment.FBFunctionalities"/>
  <testcase name="postStatus" time="0.002" classname="FacebookAssignment.FBFunctionalities"/>
  <testcase name="changePassword" time="31.294" classname="FacebookAssignment.FBFunctionalities">
    <failure type="java.lang.IndexOutOfBoundsException" message="Index: 4, Size: 0">
      <![CDATA[java.lang.IndexOutOfBoundsException: Index: 4, Size: 0
at java.util.ArrayList.rangeCheck(ArrayList.java:653)
at java.util.ArrayList.get(ArrayList.java:429)
at pageObjects.FBChangePassword.clickChangePassword(FBChangePassword.java:48)
at FacebookAssignment.FBFunctionalities.changePassword(FBFunctionalities.java:88)
at java.util.ArrayList.forEach(ArrayList.java:1249)
... Removed 31 stack frames]]>
    </failure>
  </testcase> <!-- changePassword -->
</testsuite> <!-- Test -->
