<?xml version="1.0" encoding="UTF-8"?>
<testng-results skipped="0" failed="1" ignored="0" total="3" passed="2">
  <reporter-output>
  </reporter-output>
  <suite name="Suite" duration-ms="41684" started-at="2021-06-05T16:44:38 IST" finished-at="2021-06-05T16:45:20 IST">
    <groups>
    </groups>
    <test name="Test" duration-ms="41684" started-at="2021-06-05T16:44:38 IST" finished-at="2021-06-05T16:45:20 IST">
      <class name="FacebookAssignment.FBFunctionalities">
        <test-method status="PASS" signature="initialize()[pri:0, instance:FacebookAssignment.FBFunctionalities@5bcea91b]" name="initialize" is-config="true" duration-ms="8652" started-at="2021-06-05T16:44:38 IST" finished-at="2021-06-05T16:44:47 IST">
          <reporter-output>
          </reporter-output>
        </test-method> <!-- initialize -->
        <test-method status="PASS" signature="loginIntoFB(java.lang.String,java.lang.String,java.lang.String)[pri:1, instance:FacebookAssignment.FBFunctionalities@5bcea91b]" name="loginIntoFB" duration-ms="502" started-at="2021-06-05T16:44:48 IST" data-provider="getLoginData" finished-at="2021-06-05T16:44:49 IST">
          <params>
            <param index="0">
              <value>
                <![CDATA[karanagarwal569@gmail.com]]>
              </value>
            </param>
            <param index="1">
              <value>
                <![CDATA[a5s6ihxta]]>
              </value>
            </param>
            <param index="2">
              <value>
                <![CDATA[KaRan]]>
              </value>
            </param>
          </params>
          <reporter-output>
          </reporter-output>
        </test-method> <!-- loginIntoFB -->
        <test-method status="PASS" signature="postStatus()[pri:2, instance:FacebookAssignment.FBFunctionalities@5bcea91b]" name="postStatus" duration-ms="2" started-at="2021-06-05T16:44:49 IST" finished-at="2021-06-05T16:44:49 IST">
          <reporter-output>
          </reporter-output>
        </test-method> <!-- postStatus -->
        <test-method status="FAIL" signature="changePassword()[pri:3, instance:FacebookAssignment.FBFunctionalities@5bcea91b]" name="changePassword" duration-ms="31294" started-at="2021-06-05T16:44:49 IST" finished-at="2021-06-05T16:45:20 IST">
          <exception class="java.lang.IndexOutOfBoundsException">
            <message>
              <![CDATA[Index: 4, Size: 0]]>
            </message>
            <full-stacktrace>
              <![CDATA[java.lang.IndexOutOfBoundsException: Index: 4, Size: 0
at java.util.ArrayList.rangeCheck(ArrayList.java:653)
at java.util.ArrayList.get(ArrayList.java:429)
at pageObjects.FBChangePassword.clickChangePassword(FBChangePassword.java:48)
at FacebookAssignment.FBFunctionalities.changePassword(FBFunctionalities.java:88)
at sun.reflect.NativeMethodAccessorImpl.invoke0(Native Method)
at sun.reflect.NativeMethodAccessorImpl.invoke(NativeMethodAccessorImpl.java:62)
at sun.reflect.DelegatingMethodAccessorImpl.invoke(DelegatingMethodAccessorImpl.java:43)
at java.lang.reflect.Method.invoke(Method.java:497)
at org.testng.internal.MethodInvocationHelper.invokeMethod(MethodInvocationHelper.java:133)
at org.testng.internal.TestInvoker.invokeMethod(TestInvoker.java:598)
at org.testng.internal.TestInvoker.invokeTestMethod(TestInvoker.java:173)
at org.testng.internal.MethodRunner.runInSequence(MethodRunner.java:46)
at org.testng.internal.TestInvoker$MethodInvocationAgent.invoke(TestInvoker.java:824)
at org.testng.internal.TestInvoker.invokeTestMethods(TestInvoker.java:146)
at org.testng.internal.TestMethodWorker.invokeTestMethods(TestMethodWorker.java:146)
at org.testng.internal.TestMethodWorker.run(TestMethodWorker.java:128)
at java.util.ArrayList.forEach(ArrayList.java:1249)
at org.testng.TestRunner.privateRun(TestRunner.java:794)
at org.testng.TestRunner.run(TestRunner.java:596)
at org.testng.SuiteRunner.runTest(SuiteRunner.java:377)
at org.testng.SuiteRunner.runSequentially(SuiteRunner.java:371)
at org.testng.SuiteRunner.privateRun(SuiteRunner.java:332)
at org.testng.SuiteRunner.run(SuiteRunner.java:276)
at org.testng.SuiteRunnerWorker.runSuite(SuiteRunnerWorker.java:53)
at org.testng.SuiteRunnerWorker.run(SuiteRunnerWorker.java:96)
at org.testng.TestNG.runSuitesSequentially(TestNG.java:1212)
at org.testng.TestNG.runSuitesLocally(TestNG.java:1134)
at org.testng.TestNG.runSuites(TestNG.java:1063)
at org.testng.TestNG.run(TestNG.java:1031)
at org.apache.maven.surefire.testng.TestNGExecutor.run(TestNGExecutor.java:284)
at org.apache.maven.surefire.testng.TestNGXmlTestSuite.execute(TestNGXmlTestSuite.java:75)
at org.apache.maven.surefire.testng.TestNGProvider.invoke(TestNGProvider.java:119)
at org.apache.maven.surefire.booter.ForkedBooter.runSuitesInProcess(ForkedBooter.java:428)
at org.apache.maven.surefire.booter.ForkedBooter.execute(ForkedBooter.java:162)
at org.apache.maven.surefire.booter.ForkedBooter.run(ForkedBooter.java:562)
at org.apache.maven.surefire.booter.ForkedBooter.main(ForkedBooter.java:548)
]]>
            </full-stacktrace>
          </exception> <!-- java.lang.IndexOutOfBoundsException -->
          <reporter-output>
          </reporter-output>
        </test-method> <!-- changePassword -->
        <test-method status="PASS" signature="teardown()[pri:0, instance:FacebookAssignment.FBFunctionalities@5bcea91b]" name="teardown" is-config="true" duration-ms="1" started-at="2021-06-05T16:45:20 IST" finished-at="2021-06-05T16:45:20 IST">
          <reporter-output>
          </reporter-output>
        </test-method> <!-- teardown -->
      </class> <!-- FacebookAssignment.FBFunctionalities -->
    </test> <!-- Test -->
  </suite> <!-- Suite -->
</testng-results>
