<?xml version="1.0" encoding="UTF-8"?>
<testsuite xmlns:xsi="http://www.w3.org/2001/XMLSchema-instance" xsi:noNamespaceSchemaLocation="https://maven.apache.org/surefire/maven-surefire-plugin/xsd/surefire-test-report-3.0.xsd" version="3.0" name="TestSuite" time="44.133" tests="3" errors="0" skipped="0" failures="1">
  <properties>
[...]
</properties>
  <testcase name="loginIntoFB[karanagarwal569@gmail.com, a5s6ihxta, KaRan](1)" classname="FacebookAssignment.FBFunctionalities" time="0.417">
    <system-out><![CDATA[chrome
]]></system-out>
    <system-err><![CDATA[Starting ChromeDriver 91.0.4472.19 (1bf021f248676a0b2ab3ee0561d83a59e424c23e-refs/branch-heads/4472@{#288}) on port 23683
Only local connections are allowed.
Please see https://chromedriver.chromium.org/security-considerations for suggestions on keeping ChromeDriver safe.
ChromeDriver was started successfully.
Jun 05, 2021 4:44:42 PM org.openqa.selenium.remote.ProtocolHandshake createSession
INFO: Detected dialect: W3C
]]></system-err>
  </testcase>
  <testcase name="postStatus" classname="FacebookAssignment.FBFunctionalities" time="0.001"/>
  <testcase name="changePassword" classname="FacebookAssignment.FBFunctionalities" time="31.303">
    <failure message="Index: 4, Size: 0" type="java.lang.IndexOutOfBoundsException"><![CDATA[java.lang.IndexOutOfBoundsException: Index: 4, Size: 0
	at FacebookAssignment.FBFunctionalities.changePassword(FBFunctionalities.java:88)
]]></failure>
  </testcase>
</testsuite>