<?xml version="1.0" encoding="UTF-8"?>
<testng-results ignored="0" total="3" passed="3" failed="0" skipped="0">
  <reporter-output>
  </reporter-output>
  <suite started-at="2021-06-05T21:43:00 IST" name="Default suite" finished-at="2021-06-05T21:44:04 IST" duration-ms="64266">
    <groups>
    </groups>
    <test started-at="2021-06-05T21:43:00 IST" name="Default test" finished-at="2021-06-05T21:44:04 IST" duration-ms="64266">
      <class name="FacebookAssignment.FBFunctionalities">
        <test-method is-config="true" signature="initialize()[pri:0, instance:FacebookAssignment.FBFunctionalities@3a44431a]" started-at="2021-06-05T21:43:00 IST" name="initialize" finished-at="2021-06-05T21:43:07 IST" duration-ms="7454" status="PASS">
          <reporter-output>
          </reporter-output>
        </test-method> <!-- initialize -->
        <test-method signature="loginIntoFB(java.lang.String,java.lang.String,java.lang.String)[pri:1, instance:FacebookAssignment.FBFunctionalities@3a44431a]" started-at="2021-06-05T21:43:09 IST" name="loginIntoFB" data-provider="getLoginData" finished-at="2021-06-05T21:43:17 IST" duration-ms="7809" status="PASS">
          <params>
            <param index="0">
              <value>
                <![CDATA[karanagarwal569@gmail.com]]>
              </value>
            </param>
            <param index="1">
              <value>
                <![CDATA[a5s6ihxta]]>
              </value>
            </param>
            <param index="2">
              <value>
                <![CDATA[KaRan]]>
              </value>
            </param>
          </params>
          <reporter-output>
          </reporter-output>
        </test-method> <!-- loginIntoFB -->
        <test-method signature="postStatus()[pri:2, instance:FacebookAssignment.FBFunctionalities@3a44431a]" started-at="2021-06-05T21:43:17 IST" name="postStatus" finished-at="2021-06-05T21:43:32 IST" duration-ms="15042" status="PASS">
          <reporter-output>
          </reporter-output>
        </test-method> <!-- postStatus -->
        <test-method signature="changePassword()[pri:3, instance:FacebookAssignment.FBFunctionalities@3a44431a]" started-at="2021-06-05T21:43:32 IST" name="changePassword" finished-at="2021-06-05T21:44:04 IST" duration-ms="32225" status="PASS">
          <reporter-output>
          </reporter-output>
        </test-method> <!-- changePassword -->
        <test-method is-config="true" signature="teardown()[pri:0, instance:FacebookAssignment.FBFunctionalities@3a44431a]" started-at="2021-06-05T21:44:04 IST" name="teardown" finished-at="2021-06-05T21:44:04 IST" duration-ms="1" status="PASS">
          <reporter-output>
          </reporter-output>
        </test-method> <!-- teardown -->
      </class> <!-- FacebookAssignment.FBFunctionalities -->
    </test> <!-- Default test -->
  </suite> <!-- Default suite -->
</testng-results>
